
/home/runner/work/exp-diffraction-grating-iitb/exp-diffraction-grating-iitb/experiment/simulation/js/activity1.js
   1:5   warning  'canvas' is defined but never used                        no-unused-vars
   2:5   warning  'lscale' is assigned a value but never used               no-unused-vars
   3:5   warning  'context' is defined but never used                       no-unused-vars
   5:5   warning  'scene' is defined but never used                         no-unused-vars
   6:5   warning  'rect' is defined but never used                          no-unused-vars
   8:5   warning  'pp' is assigned a value but never used                   no-unused-vars
   8:14  warning  'Pannel' is not defined                                   no-undef
  27:5   warning  'question' is assigned a value but never used             no-unused-vars
  28:5   warning  'arrayofrandquestion' is assigned a value but never used  no-unused-vars
  29:5   warning  'current_question' is defined but never used              no-unused-vars
  30:5   warning  'current_hint' is assigned a value but never used         no-unused-vars
  31:5   warning  'total_score' is assigned a value but never used          no-unused-vars
  32:5   warning  'current_score' is assigned a value but never used        no-unused-vars
  33:5   warning  'global_score' is assigned a value but never used         no-unused-vars
  34:5   warning  'a1_panel' is defined but never used                      no-unused-vars
  35:5   warning  'all_text_content' is assigned a value but never used     no-unused-vars
  36:5   warning  'canvas_box_scale' is already defined                     no-redeclare
  36:5   warning  'canvas_box_scale' is assigned a value but never used     no-unused-vars
  37:5   warning  'highlighted_images' is assigned a value but never used   no-unused-vars
  38:5   warning  'a1_labels' is assigned a value but never used            no-unused-vars
  39:5   warning  'a1_scene' is defined but never used                      no-unused-vars
  40:5   warning  'a1_index' is assigned a value but never used             no-unused-vars
  41:5   warning  'text' is defined but never used                          no-unused-vars
  42:5   warning  'ans' is defined but never used                           no-unused-vars
  43:5   warning  'question_text' is defined but never used                 no-unused-vars
  45:5   warning  'display_result' is defined but never used                no-unused-vars
  46:5   warning  'display_score' is defined but never used                 no-unused-vars
  47:5   warning  'timer1' is defined but never used                        no-unused-vars
  48:5   warning  'current_index' is defined but never used                 no-unused-vars

/home/runner/work/exp-diffraction-grating-iitb/exp-diffraction-grating-iitb/experiment/simulation/js/activity3.js
   18:5    warning  'pp' is not defined                                  no-undef
   19:5    warning  'pp' is not defined                                  no-undef
   20:5    warning  'pp' is not defined                                  no-undef
   21:5    warning  'pp' is not defined                                  no-undef
   64:5    warning  'pp' is not defined                                  no-undef
   67:5    warning  'pp' is not defined                                  no-undef
   68:5    warning  'canvas' is not defined                              no-undef
   68:14   warning  'pp' is not defined                                  no-undef
   69:5    warning  'context' is not defined                             no-undef
   69:15   warning  'canvas' is not defined                              no-undef
   70:5    warning  'canvas' is not defined                              no-undef
   71:5    warning  'rect' is not defined                                no-undef
   71:12   warning  'canvas' is not defined                              no-undef
   72:5    warning  'scene' is not defined                               no-undef
   72:17   warning  'Scene' is not defined                               no-undef
   74:22   warning  'Chemistry' is not defined                           no-undef
   74:43   warning  'Chemistry' is not defined                           no-undef
   74:75   warning  'canvas' is not defined                              no-undef
   75:27   warning  'Chemistry' is not defined                           no-undef
   75:48   warning  'Chemistry' is not defined                           no-undef
   75:79   warning  'canvas' is not defined                              no-undef
   76:27   warning  'Chemistry' is not defined                           no-undef
   76:48   warning  'Chemistry' is not defined                           no-undef
   76:79   warning  'canvas' is not defined                              no-undef
   77:28   warning  'Chemistry' is not defined                           no-undef
   77:49   warning  'Chemistry' is not defined                           no-undef
   77:80   warning  'canvas' is not defined                              no-undef
   78:28   warning  'Chemistry' is not defined                           no-undef
   78:49   warning  'Chemistry' is not defined                           no-undef
   78:80   warning  'canvas' is not defined                              no-undef
   79:27   warning  'Chemistry' is not defined                           no-undef
   79:48   warning  'Chemistry' is not defined                           no-undef
   79:79   warning  'canvas' is not defined                              no-undef
   80:27   warning  'Chemistry' is not defined                           no-undef
   80:48   warning  'Chemistry' is not defined                           no-undef
   80:79   warning  'canvas' is not defined                              no-undef
   81:18   warning  'Chemistry' is not defined                           no-undef
   81:70   warning  'canvas' is not defined                              no-undef
   82:18   warning  'Chemistry' is not defined                           no-undef
   82:70   warning  'canvas' is not defined                              no-undef
   83:18   warning  'Chemistry' is not defined                           no-undef
   83:50   warning  'Chemistry' is not defined                           no-undef
   83:78   warning  'canvas' is not defined                              no-undef
   84:18   warning  'Chemistry' is not defined                           no-undef
   84:50   warning  'Chemistry' is not defined                           no-undef
   84:78   warning  'canvas' is not defined                              no-undef
   85:5    warning  'scene' is not defined                               no-undef
   86:5    warning  'scene' is not defined                               no-undef
   87:5    warning  'scene' is not defined                               no-undef
   88:5    warning  'scene' is not defined                               no-undef
   89:5    warning  'scene' is not defined                               no-undef
   90:5    warning  'scene' is not defined                               no-undef
   91:5    warning  'scene' is not defined                               no-undef
   92:5    warning  'scene' is not defined                               no-undef
   93:5    warning  'scene' is not defined                               no-undef
   94:5    warning  'scene' is not defined                               no-undef
   95:5    warning  'scene' is not defined                               no-undef
  102:13   warning  'Chemistry' is not defined                           no-undef
  102:41   warning  'Chemistry' is not defined                           no-undef
  102:69   warning  'canvas' is not defined                              no-undef
  103:13   warning  'Chemistry' is not defined                           no-undef
  103:41   warning  'Chemistry' is not defined                           no-undef
  103:69   warning  'canvas' is not defined                              no-undef
  104:13   warning  'Chemistry' is not defined                           no-undef
  104:41   warning  'Chemistry' is not defined                           no-undef
  104:69   warning  'canvas' is not defined                              no-undef
  105:13   warning  'Chemistry' is not defined                           no-undef
  105:41   warning  'Chemistry' is not defined                           no-undef
  105:69   warning  'canvas' is not defined                              no-undef
  106:13   warning  'Chemistry' is not defined                           no-undef
  106:41   warning  'Chemistry' is not defined                           no-undef
  106:69   warning  'canvas' is not defined                              no-undef
  107:13   warning  'Chemistry' is not defined                           no-undef
  107:41   warning  'Chemistry' is not defined                           no-undef
  107:69   warning  'canvas' is not defined                              no-undef
  108:13   warning  'Chemistry' is not defined                           no-undef
  108:41   warning  'Chemistry' is not defined                           no-undef
  108:69   warning  'canvas' is not defined                              no-undef
  109:13   warning  'Chemistry' is not defined                           no-undef
  109:41   warning  'Chemistry' is not defined                           no-undef
  109:69   warning  'canvas' is not defined                              no-undef
  110:13   warning  'Chemistry' is not defined                           no-undef
  110:41   warning  'Chemistry' is not defined                           no-undef
  110:69   warning  'canvas' is not defined                              no-undef
  111:13   warning  'Chemistry' is not defined                           no-undef
  111:42   warning  'Chemistry' is not defined                           no-undef
  111:70   warning  'canvas' is not defined                              no-undef
  112:13   warning  'Chemistry' is not defined                           no-undef
  112:42   warning  'Chemistry' is not defined                           no-undef
  112:70   warning  'canvas' is not defined                              no-undef
  113:13   warning  'Chemistry' is not defined                           no-undef
  113:42   warning  'Chemistry' is not defined                           no-undef
  113:70   warning  'canvas' is not defined                              no-undef
  114:13   warning  'Chemistry' is not defined                           no-undef
  114:42   warning  'Chemistry' is not defined                           no-undef
  114:70   warning  'canvas' is not defined                              no-undef
  115:13   warning  'Chemistry' is not defined                           no-undef
  115:42   warning  'Chemistry' is not defined                           no-undef
  115:70   warning  'canvas' is not defined                              no-undef
  116:13   warning  'Chemistry' is not defined                           no-undef
  116:42   warning  'Chemistry' is not defined                           no-undef
  116:70   warning  'canvas' is not defined                              no-undef
  117:13   warning  'Chemistry' is not defined                           no-undef
  117:42   warning  'Chemistry' is not defined                           no-undef
  117:70   warning  'canvas' is not defined                              no-undef
  118:13   warning  'Chemistry' is not defined                           no-undef
  118:42   warning  'Chemistry' is not defined                           no-undef
  118:70   warning  'canvas' is not defined                              no-undef
  119:13   warning  'Chemistry' is not defined                           no-undef
  119:42   warning  'Chemistry' is not defined                           no-undef
  119:70   warning  'canvas' is not defined                              no-undef
  120:13   warning  'Chemistry' is not defined                           no-undef
  120:42   warning  'Chemistry' is not defined                           no-undef
  120:70   warning  'canvas' is not defined                              no-undef
  121:13   warning  'Chemistry' is not defined                           no-undef
  121:42   warning  'Chemistry' is not defined                           no-undef
  121:70   warning  'canvas' is not defined                              no-undef
  122:13   warning  'Chemistry' is not defined                           no-undef
  122:42   warning  'Chemistry' is not defined                           no-undef
  122:70   warning  'canvas' is not defined                              no-undef
  125:24   warning  'Chemistry' is not defined                           no-undef
  125:44   warning  'canvas' is not defined                              no-undef
  125:63   warning  'canvas' is not defined                              no-undef
  125:85   warning  'Chemistry' is not defined                           no-undef
  125:112  warning  'canvas' is not defined                              no-undef
  127:25   warning  'Chemistry' is not defined                           no-undef
  127:45   warning  'canvas' is not defined                              no-undef
  127:66   warning  'canvas' is not defined                              no-undef
  127:88   warning  'Chemistry' is not defined                           no-undef
  127:116  warning  'canvas' is not defined                              no-undef
  129:20   warning  'Chemistry' is not defined                           no-undef
  129:64   warning  'Chemistry' is not defined                           no-undef
  129:94   warning  'canvas' is not defined                              no-undef
  131:25   warning  'Chemistry' is not defined                           no-undef
  131:70   warning  'Chemistry' is not defined                           no-undef
  131:98   warning  'canvas' is not defined                              no-undef
  133:15   warning  'Chemistry' is not defined                           no-undef
  133:37   warning  'Chemistry' is not defined                           no-undef
  133:73   warning  'canvas' is not defined                              no-undef
  134:25   warning  'Chemistry' is not defined                           no-undef
  134:49   warning  'graph' is not defined                               no-undef
  134:60   warning  'Chemistry' is not defined                           no-undef
  134:111  warning  'canvas' is not defined                              no-undef
  135:28   warning  'Chemistry' is not defined                           no-undef
  135:52   warning  'x_scale_left' is not defined                        no-undef
  135:70   warning  'Chemistry' is not defined                           no-undef
  135:122  warning  'canvas' is not defined                              no-undef
  136:25   warning  'Chemistry' is not defined                           no-undef
  136:49   warning  'laser' is not defined                               no-undef
  136:60   warning  'Chemistry' is not defined                           no-undef
  136:110  warning  'canvas' is not defined                              no-undef
  143:5    warning  'scene' is not defined                               no-undef
  144:5    warning  'scene' is not defined                               no-undef
  145:5    warning  'scene' is not defined                               no-undef
  146:5    warning  'scene' is not defined                               no-undef
  147:5    warning  'scene' is not defined                               no-undef
  148:5    warning  'scene' is not defined                               no-undef
  149:5    warning  'scene' is not defined                               no-undef
  150:5    warning  'scene' is not defined                               no-undef
  154:9    warning  'scene' is not defined                               no-undef
  163:5    warning  'scene' is not defined                               no-undef
  166:5    warning  'canvas' is not defined                              no-undef
  167:5    warning  'canvas' is not defined                              no-undef
  167:23   warning  'canvas' is not defined                              no-undef
  168:5    warning  'lscale' is not defined                              no-undef
  168:14   warning  'canvas' is not defined                              no-undef
  170:9    warning  'canvas' is not defined                              no-undef
  174:5    warning  'context' is not defined                             no-undef
  174:26   warning  'canvas' is not defined                              no-undef
  175:5    warning  'context' is not defined                             no-undef
  180:25   warning  'N_values' is not defined                            no-undef
  181:46   warning  'N_values' is not defined                            no-undef
  181:62   warning  'N_values' is not defined                            no-undef
  184:10   warning  'set_N' is defined but never used                    no-unused-vars
  188:9    warning  'selected_N' is not defined                          no-undef
  191:29   warning  'n_values' is not defined                            no-undef
  192:50   warning  'n_values' is not defined                            no-undef
  192:66   warning  'n_values' is not defined                            no-undef
  199:10   warning  'set_order' is defined but never used                no-unused-vars
  204:9    warning  'selected_n' is not defined                          no-undef
  213:10   warning  'set_lambda' is defined but never used               no-unused-vars
  218:5    warning  'selected_lambda' is not defined                     no-undef
  223:25   warning  'data' is not defined                                no-undef
  224:24   warning  'data' is not defined                                no-undef
  224:57   warning  'selected_lambda' is not defined                     no-undef
  228:5    warning  'calculate_table' is not defined                     no-undef
  228:21   warning  'selected_n' is not defined                          no-undef
  229:5    warning  'calculate_opp' is not defined                       no-undef
  231:21   warning  'opp' is not defined                                 no-undef
  234:9    warning  'distance_array' is assigned a value but never used  no-unused-vars
  235:16   warning  'point_distance' is not defined                      no-undef
  235:31   warning  'selected_adj' is not defined                        no-undef
  237:9    warning  'selected_n' is not defined                          no-undef
  240:14   warning  'selected_n' is not defined                          no-undef
  243:14   warning  'selected_n' is not defined                          no-undef
  246:15   warning  'selected_n' is not defined                          no-undef
  248:10   warning  'set_adj' is defined but never used                  no-unused-vars
  250:9    warning  'show' is assigned a value but never used            no-unused-vars
  257:9    warning  'scene' is not defined                               no-undef
  259:5    warning  'selected_adj' is not defined                        no-undef
  262:29   warning  'data' is not defined                                no-undef
  263:17   warning  'data' is not defined                                no-undef
  263:49   warning  'selected_lambda' is not defined                     no-undef
  264:17   warning  'selected_index' is assigned a value but never used  no-unused-vars
  268:25   warning  'opp' is not defined                                 no-undef
  272:25   warning  'data' is not defined                                no-undef
  273:24   warning  'data' is not defined                                no-undef
  273:57   warning  'selected_lambda' is not defined                     no-undef
  277:16   warning  'point_distance' is not defined                      no-undef
  277:31   warning  'selected_adj' is not defined                        no-undef
  279:9    warning  'selected_n' is not defined                          no-undef
  282:14   warning  'selected_n' is not defined                          no-undef
  285:14   warning  'selected_n' is not defined                          no-undef
  288:15   warning  'selected_n' is not defined                          no-undef
  306:9    warning  'scene' is not defined                               no-undef
  317:9    warning  'scene' is not defined                               no-undef
  330:9    warning  'scene' is not defined                               no-undef

/home/runner/work/exp-diffraction-grating-iitb/exp-diffraction-grating-iitb/experiment/simulation/js/activity4.js
   1:10  warning  'activity4' is defined but never used     no-unused-vars
   2:5   warning  'pp' is not defined                       no-undef
   3:5   warning  'pp' is not defined                       no-undef
   4:5   warning  'pp' is not defined                       no-undef
   7:24  warning  'selected_adj' is not defined             no-undef
   7:49  warning  'selected_lambda' is not defined          no-undef
   7:77  warning  'opp' is not defined                      no-undef
   8:21  warning  'Table' is not defined                    no-undef
   9:5   warning  'pp' is not defined                       no-undef
  11:5   warning  'calculate_table' is not defined          no-undef
  11:21  warning  'selected_n' is not defined               no-undef
  13:10  warning  'verify_table' is defined but never used  no-unused-vars
  18:16  warning  'opp' is not defined                      no-undef
  18:22  warning  'selected_adj' is not defined             no-undef
  21:24  warning  'selected_N' is not defined               no-undef
  21:38  warning  'selected_n' is not defined               no-undef
  23:10  warning  'verify_values' is not defined            no-undef
  27:10  warning  'verify_values' is not defined            no-undef
  31:10  warning  'verify_values' is not defined            no-undef
  35:10  warning  'verify_values' is not defined            no-undef
  41:25  warning  'data' is not defined                     no-undef
  44:35  warning  'data' is not defined                     no-undef
  45:36  warning  'data' is not defined                     no-undef
  46:35  warning  'data' is not defined                     no-undef
  47:35  warning  'data' is not defined                     no-undef
  48:35  warning  'data' is not defined                     no-undef
  49:35  warning  'data' is not defined                     no-undef
  50:36  warning  'data' is not defined                     no-undef
  53:5   warning  'pp' is not defined                       no-undef
  54:21  warning  'Table' is not defined                    no-undef
  55:5   warning  'pp' is not defined                       no-undef

/home/runner/work/exp-diffraction-grating-iitb/exp-diffraction-grating-iitb/experiment/simulation/js/activity6.js
    1:10  warning  'activity6' is defined but never used           no-unused-vars
    2:5   warning  'pp' is not defined                             no-undef
    3:5   warning  'pp' is not defined                             no-undef
    4:5   warning  'pp' is not defined                             no-undef
   11:34  warning  'Ma' is not defined                             no-undef
   14:34  warning  'Mc' is not defined                             no-undef
   22:34  warning  'MW1' is not defined                            no-undef
   25:34  warning  'MW2' is not defined                            no-undef
   33:34  warning  'AA' is not defined                             no-undef
   36:34  warning  'AB' is not defined                             no-undef
   39:34  warning  'AC' is not defined                             no-undef
   47:34  warning  'slope1' is not defined                         no-undef
   50:34  warning  'slope2' is not defined                         no-undef
   55:5   warning  'pp' is not defined                             no-undef
   62:24  warning  'Table2' is not defined                         no-undef
   69:24  warning  'Table2' is not defined                         no-undef
   76:24  warning  'Table2' is not defined                         no-undef
   77:5   warning  'pp' is not defined                             no-undef
   78:5   warning  'pp' is not defined                             no-undef
   79:5   warning  'pp' is not defined                             no-undef
   84:5   warning  'pp' is not defined                             no-undef
   85:17  warning  'mass_comp1' is not defined                     no-undef
   85:29  warning  'mass_comp2' is not defined                     no-undef
   85:41  warning  'moles_comp1' is not defined                    no-undef
   85:54  warning  'moles_comp2' is not defined                    no-undef
   85:67  warning  'moles_fraction_comp1' is not defined           no-undef
   85:89  warning  'moles_fraction_comp2' is not defined           no-undef
   87:10  warning  'verify_act6_inputs' is defined but never used  no-unused-vars
   94:10  warning  'verify_values' is not defined                  no-undef
   94:48  warning  'mass_comp1' is not defined                     no-undef
   98:10  warning  'verify_values' is not defined                  no-undef
   98:48  warning  'mass_comp2' is not defined                     no-undef
  102:10  warning  'verify_values' is not defined                  no-undef
  102:48  warning  'moles_comp1' is not defined                    no-undef
  106:10  warning  'verify_values' is not defined                  no-undef
  106:48  warning  'moles_comp2' is not defined                    no-undef
  110:10  warning  'verify_values' is not defined                  no-undef
  110:48  warning  'moles_fraction_comp1' is not defined           no-undef
  114:10  warning  'verify_values' is not defined                  no-undef
  114:48  warning  'moles_fraction_comp2' is not defined           no-undef
  119:5   warning  'activity7' is not defined                      no-undef

/home/runner/work/exp-diffraction-grating-iitb/exp-diffraction-grating-iitb/experiment/simulation/js/activity7.js
   2:10   warning  'activity7' is defined but never used    no-unused-vars
   3:5    warning  'pp' is not defined                      no-undef
   4:5    warning  'pp' is not defined                      no-undef
   5:5    warning  'pp' is not defined                      no-undef
   7:30   warning  'composition' is not defined             no-undef
   7:42   warning  'selected_index' is not defined          no-undef
   7:59   warning  'calculated_table' is not defined        no-undef
   7:76   warning  'selected_index' is not defined          no-undef
   7:107  warning  'calculated_table' is not defined        no-undef
   7:124  warning  'selected_index' is not defined          no-undef
   7:155  warning  'calculated_table' is not defined        no-undef
   7:172  warning  'selected_index' is not defined          no-undef
   8:24   warning  'Table' is not defined                   no-undef
   9:5    warning  'pp' is not defined                      no-undef
  14:19   warning  'A1' is not defined                      no-undef
  14:31   warning  'A2' is not defined                      no-undef
  15:19   warning  'B1' is not defined                      no-undef
  15:31   warning  'B2' is not defined                      no-undef
  16:19   warning  'C1' is not defined                      no-undef
  16:31   warning  'C2' is not defined                      no-undef
  17:18   warning  'P' is not defined                       no-undef
  26:5    warning  'pp' is not defined                      no-undef
  28:10   warning  'verify_act7' is defined but never used  no-unused-vars
  33:10   warning  'verify_values' is not defined           no-undef
  33:48   warning  'calculated_table' is not defined        no-undef
  33:65   warning  'selected_index' is not defined          no-undef
  37:10   warning  'verify_values' is not defined           no-undef
  37:48   warning  'calculated_table' is not defined        no-undef
  37:65   warning  'selected_index' is not defined          no-undef
  41:10   warning  'verify_values' is not defined           no-undef
  41:48   warning  'calculated_table' is not defined        no-undef
  41:65   warning  'selected_index' is not defined          no-undef
  45:10   warning  'verify_values' is not defined           no-undef
  45:48   warning  'calculated_table' is not defined        no-undef
  45:65   warning  'selected_index' is not defined          no-undef
  53:5    warning  'pp' is not defined                      no-undef
  54:5    warning  'pp' is not defined                      no-undef
  55:5    warning  'pp' is not defined                      no-undef
  58:25   warning  'calculated_table' is not defined        no-undef
  60:34   warning  'composition' is not defined             no-undef
  61:29   warning  'calculated_table' is not defined        no-undef
  62:42   warning  'calculated_table' is not defined        no-undef
  65:24   warning  'Table' is not defined                   no-undef
  66:5    warning  'pp' is not defined                      no-undef
  69:10   warning  'selected_index' is not defined          no-undef
  70:5    warning  'pp' is not defined                      no-undef
  71:5    warning  'pp' is not defined                      no-undef

/home/runner/work/exp-diffraction-grating-iitb/exp-diffraction-grating-iitb/experiment/simulation/js/activity8.js
   1:10  warning  'activity8' is defined but never used  no-unused-vars
   2:5   warning  'pp' is not defined                    no-undef
   3:5   warning  'pp' is not defined                    no-undef
   8:5   warning  'pp' is not defined                    no-undef
   9:5   warning  'pp' is not defined                    no-undef
  14:5   warning  'label' is not defined                 no-undef
  15:5   warning  'graph_data' is not defined            no-undef
  16:25  warning  'calculated_table' is not defined      no-undef
  17:9   warning  'label' is not defined                 no-undef
  17:20  warning  'calculated_table' is not defined      no-undef
  18:9   warning  'graph_data' is not defined            no-undef
  18:34  warning  'calculated_table' is not defined      no-undef
  33:21  warning  'Chart' is not defined                 no-undef
  36:21  warning  'label' is not defined                 no-undef
  40:27  warning  'graph_data' is not defined            no-undef
  52:27  warning  'graph_data1' is not defined           no-undef
  85:30  warning  'selected_name' is not defined         no-undef
  85:61  warning  'composition' is not defined           no-undef
  85:73  warning  'selected_index' is not defined        no-undef
  94:5   warning  'pol1_data' is not defined             no-undef
  94:17  warning  'regression_linear' is not defined     no-undef
  94:35  warning  'label' is not defined                 no-undef
  94:42  warning  'graph_data' is not defined            no-undef
  95:5   warning  'graph_data1' is not defined           no-undef
  97:25  warning  'label' is not defined                 no-undef
  98:9   warning  'graph_data1' is not defined           no-undef
  98:26  warning  'pol1_data' is not defined             no-undef
  98:41  warning  'label' is not defined                 no-undef
  98:52  warning  'pol1_data' is not defined             no-undef

/home/runner/work/exp-diffraction-grating-iitb/exp-diffraction-grating-iitb/experiment/simulation/js/common.js
   1:10  warning  'verify_values' is defined but never used                no-unused-vars
  18:10  warning  'std_deviation' is defined but never used                no-unused-vars
  23:10  warning  'regression_linear' is defined but never used            no-unused-vars
  40:10  warning  'ascending_random_array' is defined but never used       no-unused-vars
  42:12  warning  Unexpected constant condition                            no-constant-condition
  59:10  warning  'regression_linear_2variable' is defined but never used  no-unused-vars

/home/runner/work/exp-diffraction-grating-iitb/exp-diffraction-grating-iitb/experiment/simulation/js/data.js
   5:5   warning  'opp' is assigned a value but never used           no-unused-vars
   6:5   warning  'N_values' is assigned a value but never used      no-unused-vars
   7:5   warning  'n_values' is assigned a value but never used      no-unused-vars
  22:9   warning  'degree_theta' is assigned a value but never used  no-unused-vars
  55:10  warning  'point_distance' is defined but never used         no-unused-vars
  55:25  warning  'selected_adj' is defined but never used           no-unused-vars

/home/runner/work/exp-diffraction-grating-iitb/exp-diffraction-grating-iitb/experiment/simulation/js/dummy.js
  2:14  warning  'Pannel' is not defined  no-undef

/home/runner/work/exp-diffraction-grating-iitb/exp-diffraction-grating-iitb/experiment/simulation/js/geomerty.js
   33:49   warning  'lscale' is not defined          no-undef
   34:49   warning  'lscale' is not defined          no-undef
   46:23   warning  'pt1' is defined but never used  no-unused-vars
   46:28   warning  'pt2' is defined but never used  no-unused-vars
   46:33   warning  'pt3' is defined but never used  no-unused-vars
   50:24   warning  'geo' is defined but never used  no-unused-vars
   69:44   warning  'lscale' is not defined          no-undef
   69:66   warning  'lscale' is not defined          no-undef
   69:88   warning  'lscale' is not defined          no-undef
   82:48   warning  'lscale' is not defined          no-undef
   83:48   warning  'lscale' is not defined          no-undef
  108:47   warning  'lscale' is not defined          no-undef
  108:69   warning  'lscale' is not defined          no-undef
  109:60   warning  'lscale' is not defined          no-undef
  109:95   warning  'lscale' is not defined          no-undef
  131:39   warning  'lscale' is not defined          no-undef
  131:57   warning  'lscale' is not defined          no-undef
  132:39   warning  'lscale' is not defined          no-undef
  132:57   warning  'lscale' is not defined          no-undef
  181:39   warning  'lscale' is not defined          no-undef
  181:57   warning  'lscale' is not defined          no-undef
  182:39   warning  'lscale' is not defined          no-undef
  182:57   warning  'lscale' is not defined          no-undef
  225:33   warning  'lscale' is not defined          no-undef
  226:33   warning  'lscale' is not defined          no-undef
  274:50   warning  'lscale' is not defined          no-undef
  274:72   warning  'lscale' is not defined          no-undef
  279:61   warning  'lscale' is not defined          no-undef
  279:84   warning  'lscale' is not defined          no-undef
  279:102  warning  'lscale' is not defined          no-undef
  279:120  warning  'lscale' is not defined          no-undef
  293:33   warning  'lscale' is not defined          no-undef
  294:33   warning  'lscale' is not defined          no-undef
  295:41   warning  'lscale' is not defined          no-undef
  295:64   warning  'lscale' is not defined          no-undef
  295:98   warning  'lscale' is not defined          no-undef
  295:121  warning  'lscale' is not defined          no-undef
  296:45   warning  'lscale' is not defined          no-undef
  296:68   warning  'lscale' is not defined          no-undef
  296:102  warning  'lscale' is not defined          no-undef
  296:125  warning  'lscale' is not defined          no-undef
  323:61   warning  'lscale' is not defined          no-undef
  323:90   warning  'lscale' is not defined          no-undef
  324:61   warning  'lscale' is not defined          no-undef
  324:96   warning  'lscale' is not defined          no-undef
  325:66   warning  'lscale' is not defined          no-undef
  325:101  warning  'lscale' is not defined          no-undef
  326:66   warning  'lscale' is not defined          no-undef
  326:100  warning  'lscale' is not defined          no-undef
  327:67   warning  'lscale' is not defined          no-undef
  327:101  warning  'lscale' is not defined          no-undef
  328:67   warning  'lscale' is not defined          no-undef
  328:96   warning  'lscale' is not defined          no-undef
  329:61   warning  'lscale' is not defined          no-undef
  329:90   warning  'lscale' is not defined          no-undef
  346:33   warning  'lscale' is not defined          no-undef
  347:33   warning  'lscale' is not defined          no-undef
  376:46   warning  'lscale' is not defined          no-undef
  382:50   warning  'lscale' is not defined          no-undef
  382:72   warning  'lscale' is not defined          no-undef
  411:52   warning  'lscale' is not defined          no-undef
  411:79   warning  'lscale' is not defined          no-undef
  413:56   warning  'lscale' is not defined          no-undef
  413:83   warning  'lscale' is not defined          no-undef
  450:50   warning  'lscale' is not defined          no-undef
  450:72   warning  'lscale' is not defined          no-undef
  456:61   warning  'lscale' is not defined          no-undef
  456:84   warning  'lscale' is not defined          no-undef
  456:102  warning  'lscale' is not defined          no-undef
  456:120  warning  'lscale' is not defined          no-undef
  470:33   warning  'lscale' is not defined          no-undef
  471:33   warning  'lscale' is not defined          no-undef
  472:41   warning  'lscale' is not defined          no-undef
  472:64   warning  'lscale' is not defined          no-undef
  472:98   warning  'lscale' is not defined          no-undef
  472:121  warning  'lscale' is not defined          no-undef
  473:45   warning  'lscale' is not defined          no-undef
  473:68   warning  'lscale' is not defined          no-undef
  473:102  warning  'lscale' is not defined          no-undef
  473:125  warning  'lscale' is not defined          no-undef
  502:50   warning  'lscale' is not defined          no-undef
  502:72   warning  'lscale' is not defined          no-undef
  507:139  warning  'lscale' is not defined          no-undef
  507:172  warning  'lscale' is not defined          no-undef
  507:205  warning  'lscale' is not defined          no-undef
  507:225  warning  'lscale' is not defined          no-undef
  528:50   warning  'lscale' is not defined          no-undef
  528:72   warning  'lscale' is not defined          no-undef
  533:139  warning  'lscale' is not defined          no-undef
  533:172  warning  'lscale' is not defined          no-undef
  533:205  warning  'lscale' is not defined          no-undef
  533:225  warning  'lscale' is not defined          no-undef
  555:50   warning  'lscale' is not defined          no-undef
  555:72   warning  'lscale' is not defined          no-undef
  560:133  warning  'lscale' is not defined          no-undef
  560:172  warning  'lscale' is not defined          no-undef
  560:205  warning  'lscale' is not defined          no-undef
  560:224  warning  'lscale' is not defined          no-undef
  584:39   warning  'lscale' is not defined          no-undef
  584:53   warning  'lscale' is not defined          no-undef
  585:39   warning  'lscale' is not defined          no-undef
  585:53   warning  'lscale' is not defined          no-undef
  586:39   warning  'lscale' is not defined          no-undef
  586:53   warning  'lscale' is not defined          no-undef
  587:39   warning  'lscale' is not defined          no-undef
  587:53   warning  'lscale' is not defined          no-undef
  594:36   warning  'lscale' is not defined          no-undef
  594:50   warning  'lscale' is not defined          no-undef
  594:63   warning  'lscale' is not defined          no-undef
  605:36   warning  'lscale' is not defined          no-undef
  605:50   warning  'lscale' is not defined          no-undef
  605:63   warning  'lscale' is not defined          no-undef
  632:46   warning  'lscale' is not defined          no-undef
  637:50   warning  'lscale' is not defined          no-undef
  637:72   warning  'lscale' is not defined          no-undef
  659:50   warning  'lscale' is not defined          no-undef
  659:72   warning  'lscale' is not defined          no-undef
  663:46   warning  'lscale' is not defined          no-undef
  664:46   warning  'lscale' is not defined          no-undef
  664:67   warning  'lscale' is not defined          no-undef
  665:49   warning  'lscale' is not defined          no-undef
  701:13   warning  'context' is not defined         no-undef
  702:13   warning  'context' is not defined         no-undef
  702:38   warning  'lscale' is not defined          no-undef
  702:56   warning  'lscale' is not defined          no-undef
  703:13   warning  'context' is not defined         no-undef
  703:38   warning  'lscale' is not defined          no-undef
  703:56   warning  'lscale' is not defined          no-undef
  704:13   warning  'context' is not defined         no-undef
  706:46   warning  'lscale' is not defined          no-undef
  706:65   warning  'lscale' is not defined          no-undef
  706:83   warning  'lscale' is not defined          no-undef
  706:102  warning  'lscale' is not defined          no-undef
  707:32   warning  'lscale' is not defined          no-undef
  707:58   warning  'lscale' is not defined          no-undef
  708:32   warning  'lscale' is not defined          no-undef
  708:58   warning  'lscale' is not defined          no-undef
  709:32   warning  'lscale' is not defined          no-undef
  709:58   warning  'lscale' is not defined          no-undef
  710:32   warning  'lscale' is not defined          no-undef
  710:58   warning  'lscale' is not defined          no-undef
  712:13   warning  'context' is not defined         no-undef
  713:13   warning  'context' is not defined         no-undef
  713:38   warning  'lscale' is not defined          no-undef
  713:56   warning  'lscale' is not defined          no-undef
  714:13   warning  'context' is not defined         no-undef
  715:13   warning  'context' is not defined         no-undef
  715:38   warning  'lscale' is not defined          no-undef
  715:56   warning  'lscale' is not defined          no-undef
  716:13   warning  'context' is not defined         no-undef
  717:13   warning  'context' is not defined         no-undef
  719:32   warning  'lscale' is not defined          no-undef
  719:58   warning  'lscale' is not defined          no-undef
  720:32   warning  'lscale' is not defined          no-undef
  720:58   warning  'lscale' is not defined          no-undef
  721:32   warning  'lscale' is not defined          no-undef
  721:58   warning  'lscale' is not defined          no-undef
  722:32   warning  'lscale' is not defined          no-undef
  722:58   warning  'lscale' is not defined          no-undef
  724:13   warning  'context' is not defined         no-undef
  725:13   warning  'context' is not defined         no-undef
  725:38   warning  'lscale' is not defined          no-undef
  725:56   warning  'lscale' is not defined          no-undef
  726:13   warning  'context' is not defined         no-undef
  727:13   warning  'context' is not defined         no-undef
  727:38   warning  'lscale' is not defined          no-undef
  727:56   warning  'lscale' is not defined          no-undef
  728:13   warning  'context' is not defined         no-undef
  729:13   warning  'context' is not defined         no-undef
  746:50   warning  'lscale' is not defined          no-undef
  746:72   warning  'lscale' is not defined          no-undef
  762:38   warning  'lscale' is not defined          no-undef
  762:51   warning  'lscale' is not defined          no-undef
  764:38   warning  'lscale' is not defined          no-undef
  766:38   warning  'lscale' is not defined          no-undef
  766:52   warning  'lscale' is not defined          no-undef

/home/runner/work/exp-diffraction-grating-iitb/exp-diffraction-grating-iitb/experiment/simulation/js/pannel.js
    8:7  warning  'Pannel' is defined but never used  no-unused-vars
  152:7  warning  'Table2' is defined but never used  no-unused-vars

/home/runner/work/exp-diffraction-grating-iitb/exp-diffraction-grating-iitb/experiment/simulation/js/scene.js
   1:7    warning  'Scene' is defined but never used         no-unused-vars
  11:9    warning  'context' is not defined                  no-undef
  11:33   warning  'canvas' is not defined                   no-undef
  11:47   warning  'canvas' is not defined                   no-undef
  27:5    warning  'context' is not defined                  no-undef
  28:9    warning  'grd' is assigned a value but never used  no-unused-vars
  28:15   warning  'context' is not defined                  no-undef
  28:44   warning  'canvas' is not defined                   no-undef
  28:62   warning  'canvas' is not defined                   no-undef
  28:84   warning  'canvas' is not defined                   no-undef
  28:102  warning  'canvas' is not defined                   no-undef
  28:121  warning  'canvas' is not defined                   no-undef
  36:5    warning  'context' is not defined                  no-undef
  37:5    warning  'context' is not defined                  no-undef
  37:28   warning  'canvas' is not defined                   no-undef
  37:42   warning  'canvas' is not defined                   no-undef
  38:5    warning  'context' is not defined                  no-undef
  39:5    warning  'context' is not defined                  no-undef

/home/runner/work/exp-diffraction-grating-iitb/exp-diffraction-grating-iitb/experiment/simulation/js/test.js
  2:14  warning  'Pannel' is not defined                     no-undef
  4:5   warning  'table' is assigned a value but never used  no-unused-vars

✖ 605 problems (0 errors, 605 warnings)

